<?xml version="1.0" encoding="UTF-8"?>
<!-- Generated by org.testng.reporters.JUnitReportReporter -->
<testsuite hostname="Varsha-PC" name="testcases.Login" tests="1" failures="0" timestamp="27 Oct 2015 15:07:43 GMT" time="2.199" errors="0">
  <testcase name="underTest" time="2.199" classname="testcases.Login"/>
</testsuite> <!-- testcases.Login -->
